
> my-vinyls@0.1.0 build
> npm install --production=false && next build

npm WARN config production Use `--omit=dev` instead.
npm WARN EBADENGINE Unsupported engine {
npm WARN EBADENGINE   package: 'my-vinyls@0.1.0',
npm WARN EBADENGINE   required: { node: '>=18.18.0' },
npm WARN EBADENGINE   current: { node: 'v18.16.0', npm: '9.5.1' }
npm WARN EBADENGINE }
npm WARN EBADENGINE Unsupported engine {
npm WARN EBADENGINE   package: '@typescript-eslint/eslint-plugin@8.11.0',
npm WARN EBADENGINE   required: { node: '^18.18.0 || ^20.9.0 || >=21.1.0' },
npm WARN EBADENGINE   current: { node: 'v18.16.0', npm: '9.5.1' }
npm WARN EBADENGINE }
npm WARN EBADENGINE Unsupported engine {
npm WARN EBADENGINE   package: '@typescript-eslint/parser@8.11.0',
npm WARN EBADENGINE   required: { node: '^18.18.0 || ^20.9.0 || >=21.1.0' },
npm WARN EBADENGINE   current: { node: 'v18.16.0', npm: '9.5.1' }
npm WARN EBADENGINE }
npm WARN EBADENGINE Unsupported engine {
npm WARN EBADENGINE   package: '@typescript-eslint/scope-manager@8.11.0',
npm WARN EBADENGINE   required: { node: '^18.18.0 || ^20.9.0 || >=21.1.0' },
npm WARN EBADENGINE   current: { node: 'v18.16.0', npm: '9.5.1' }
npm WARN EBADENGINE }
npm WARN EBADENGINE Unsupported engine {
npm WARN EBADENGINE   package: '@typescript-eslint/type-utils@8.11.0',
npm WARN EBADENGINE   required: { node: '^18.18.0 || ^20.9.0 || >=21.1.0' },
npm WARN EBADENGINE   current: { node: 'v18.16.0', npm: '9.5.1' }
npm WARN EBADENGINE }
npm WARN EBADENGINE Unsupported engine {
npm WARN EBADENGINE   package: '@typescript-eslint/types@8.11.0',
npm WARN EBADENGINE   required: { node: '^18.18.0 || ^20.9.0 || >=21.1.0' },
npm WARN EBADENGINE   current: { node: 'v18.16.0', npm: '9.5.1' }
npm WARN EBADENGINE }
npm WARN EBADENGINE Unsupported engine {
npm WARN EBADENGINE   package: '@typescript-eslint/typescript-estree@8.11.0',
npm WARN EBADENGINE   required: { node: '^18.18.0 || ^20.9.0 || >=21.1.0' },
npm WARN EBADENGINE   current: { node: 'v18.16.0', npm: '9.5.1' }
npm WARN EBADENGINE }
npm WARN EBADENGINE Unsupported engine {
npm WARN EBADENGINE   package: '@typescript-eslint/utils@8.11.0',
npm WARN EBADENGINE   required: { node: '^18.18.0 || ^20.9.0 || >=21.1.0' },
npm WARN EBADENGINE   current: { node: 'v18.16.0', npm: '9.5.1' }
npm WARN EBADENGINE }
npm WARN EBADENGINE Unsupported engine {
npm WARN EBADENGINE   package: '@typescript-eslint/visitor-keys@8.11.0',
npm WARN EBADENGINE   required: { node: '^18.18.0 || ^20.9.0 || >=21.1.0' },
npm WARN EBADENGINE   current: { node: 'v18.16.0', npm: '9.5.1' }
npm WARN EBADENGINE }
npm WARN EBADENGINE Unsupported engine {
npm WARN EBADENGINE   package: 'next@15.0.1',
npm WARN EBADENGINE   required: { node: '>=18.18.0' },
npm WARN EBADENGINE   current: { node: 'v18.16.0', npm: '9.5.1' }
npm WARN EBADENGINE }

up to date, audited 646 packages in 1s

153 packages are looking for funding
  run `npm fund` for details

17 vulnerabilities (3 low, 5 moderate, 2 high, 7 critical)

To address issues that do not require attention, run:
  npm audit fix

Some issues need review, and may require choosing
a different dependency.

Run `npm audit` for details.
You are using Node.js 18.16.0. For Next.js, Node.js version >= v18.18.0 is required.
